<?xml version="1.0" encoding="UTF-8"?>
<!-- Generated by org.testng.reporters.JUnitReportReporter -->
<testsuite hostname="SONALI-PC" name="tests.SellItemsTest" tests="1" failures="0" timestamp="8 Sep 2014 09:14:49 GMT" time="0.000" errors="1">
  <testcase name="testSellingBooks" time="0.000" classname="tests.SellItemsTest"/>
</testsuite>
