<?xml version="1.0" encoding="UTF-8"?>
<!-- Generated by org.testng.reporters.JUnitReportReporter -->
<testsuite hostname="SONALI-PC" name="tests.LoginTest" tests="2" failures="0" timestamp="8 Sep 2014 09:14:49 GMT" time="0.001" errors="0">
  <testcase name="testRegister" time="0.000" classname="tests.LoginTest"/>
  <testcase name="testLogin" time="0.001" classname="tests.LoginTest"/>
</testsuite>
